$ bundle exec sequel -m ./db/migrations sqlite://db/development.db --echo
I, [2017-02-28T08:29:01.674551 #49703]  INFO -- : (0.000359s) PRAGMA        ↩
foreign_keys = 1
I, [2017-02-28T08:29:01.674640 #49703]  INFO -- : (0.000016s) PRAGMA        ↩
case_sensitive_like = 1
I, [2017-02-28T08:29:01.677516 #49703]  INFO -- : (0.000081s) SELECT        ↩
sqlite_version()
I, [2017-02-28T08:29:01.679125 #49703]  INFO -- : (0.001466s) CREATE TABLE  ↩
IF NOT EXISTS `schema_info` (`version` integer DEFAULT (0) NOT NULL)
I, [2017-02-28T08:29:01.679360 #49703]  INFO -- : (0.000088s) SELECT * FROM ↩
`schema_info` LIMIT 1
I, [2017-02-28T08:29:01.679537 #49703]  INFO -- : (0.000046s) SELECT 1 AS   ↩
'one' FROM `schema_info` LIMIT 1
I, [2017-02-28T08:29:01.680107 #49703]  INFO -- : (0.000458s) INSERT INTO   ↩
`schema_info` (`version`) VALUES (0)
I, [2017-02-28T08:29:01.680328 #49703]  INFO -- : (0.000076s) SELECT        ↩
count(*) AS 'count' FROM `schema_info` LIMIT 1
I, [2017-02-28T08:29:01.680483 #49703]  INFO -- : (0.000057s) SELECT        ↩
`version` FROM `schema_info` LIMIT 1
I, [2017-02-28T08:29:01.680703 #49703]  INFO -- : Begin applying migration  ↩
version 1, direction: up
I, [2017-02-28T08:29:01.681596 #49703]  INFO -- : (0.000712s) CREATE TABLE  ↩
`expenses` (`id` integer NOT NULL PRIMARY KEY AUTOINCREMENT, `payee`        ↩
varchar(255), `amount` double precision, `date` date)
I, [2017-02-28T08:29:01.682238 #49703]  INFO -- : (0.000518s) UPDATE        ↩
`schema_info` SET `version` = 1
I, [2017-02-28T08:29:01.682292 #49703]  INFO -- : Finished applying         ↩
migration version 1, direction: up, took 0.001588 seconds
